10:28:41,648 ERROR [JDialogBusca        ] org.hibernate.QueryException: could not resolve property: usuario.nome of: br.org.fgp.model.Venda
10:28:41,757 ERROR [JDialogBusca        ] org.hibernate.QueryException: could not resolve property: usuario.nome of: br.org.fgp.model.Venda
10:28:42,461 ERROR [JDialogBusca        ] org.hibernate.QueryException: could not resolve property: usuario.nome of: br.org.fgp.model.Venda
10:28:42,653 ERROR [JDialogBusca        ] org.hibernate.QueryException: could not resolve property: usuario.nome of: br.org.fgp.model.Venda
10:28:42,845 ERROR [JDialogBusca        ] org.hibernate.QueryException: could not resolve property: usuario.nome of: br.org.fgp.model.Venda
10:29:24,085 ERROR [TelaRelatorioGerencial] 
java.lang.NullPointerException
	at br.org.fgp.view.TelaRelatorioGerencial.executar(TelaRelatorioGerencial.java:186)
	at br.org.fgp.view.TelaRelatorioGerencial.access$1(TelaRelatorioGerencial.java:170)
	at br.org.fgp.view.TelaRelatorioGerencial$2.actionPerformed(TelaRelatorioGerencial.java:139)
	at javax.swing.AbstractButton.fireActionPerformed(AbstractButton.java:2022)
	at javax.swing.AbstractButton$Handler.actionPerformed(AbstractButton.java:2346)
	at javax.swing.DefaultButtonModel.fireActionPerformed(DefaultButtonModel.java:402)
	at javax.swing.DefaultButtonModel.setPressed(DefaultButtonModel.java:259)
	at javax.swing.plaf.basic.BasicButtonListener.mouseReleased(BasicButtonListener.java:252)
	at java.awt.Component.processMouseEvent(Component.java:6525)
	at javax.swing.JComponent.processMouseEvent(JComponent.java:3321)
	at java.awt.Component.processEvent(Component.java:6290)
	at java.awt.Container.processEvent(Container.java:2234)
	at java.awt.Component.dispatchEventImpl(Component.java:4881)
	at java.awt.Container.dispatchEventImpl(Container.java:2292)
	at java.awt.Component.dispatchEvent(Component.java:4703)
	at java.awt.LightweightDispatcher.retargetMouseEvent(Container.java:4898)
	at java.awt.LightweightDispatcher.processMouseEvent(Container.java:4533)
	at java.awt.LightweightDispatcher.dispatchEvent(Container.java:4462)
	at java.awt.Container.dispatchEventImpl(Container.java:2278)
	at java.awt.Window.dispatchEventImpl(Window.java:2739)
	at java.awt.Component.dispatchEvent(Component.java:4703)
	at java.awt.EventQueue.dispatchEventImpl(EventQueue.java:746)
	at java.awt.EventQueue.access$400(EventQueue.java:97)
	at java.awt.EventQueue$3.run(EventQueue.java:697)
	at java.awt.EventQueue$3.run(EventQueue.java:691)
	at java.security.AccessController.doPrivileged(Native Method)
	at java.security.ProtectionDomain$1.doIntersectionPrivilege(ProtectionDomain.java:75)
	at java.security.ProtectionDomain$1.doIntersectionPrivilege(ProtectionDomain.java:86)
	at java.awt.EventQueue$4.run(EventQueue.java:719)
	at java.awt.EventQueue$4.run(EventQueue.java:717)
	at java.security.AccessController.doPrivileged(Native Method)
	at java.security.ProtectionDomain$1.doIntersectionPrivilege(ProtectionDomain.java:75)
	at java.awt.EventQueue.dispatchEvent(EventQueue.java:716)
	at java.awt.EventDispatchThread.pumpOneEventForFilters(EventDispatchThread.java:201)
	at java.awt.EventDispatchThread.pumpEventsForFilter(EventDispatchThread.java:116)
	at java.awt.EventDispatchThread.pumpEventsForFilter(EventDispatchThread.java:109)
	at java.awt.WaitDispatchSupport$2.run(WaitDispatchSupport.java:184)
	at java.awt.WaitDispatchSupport$4.run(WaitDispatchSupport.java:229)
	at java.awt.WaitDispatchSupport$4.run(WaitDispatchSupport.java:227)
	at java.security.AccessController.doPrivileged(Native Method)
	at java.awt.WaitDispatchSupport.enter(WaitDispatchSupport.java:227)
	at java.awt.Dialog.show(Dialog.java:1084)
	at java.awt.Component.show(Component.java:1654)
	at java.awt.Component.setVisible(Component.java:1606)
	at java.awt.Window.setVisible(Window.java:1014)
	at java.awt.Dialog.setVisible(Dialog.java:1005)
	at br.org.fgp.view.TelaPrincipal$10.run(TelaPrincipal.java:247)
	at br.org.fgp.view.TelaPrincipal.telaRelatorio(TelaPrincipal.java:253)
	at br.org.fgp.view.TelaPrincipal$9.mousePressed(TelaPrincipal.java:231)
	at java.awt.AWTEventMulticaster.mousePressed(AWTEventMulticaster.java:280)
	at java.awt.Component.processMouseEvent(Component.java:6522)
	at javax.swing.JComponent.processMouseEvent(JComponent.java:3321)
	at java.awt.Component.processEvent(Component.java:6290)
	at java.awt.Container.processEvent(Container.java:2234)
	at java.awt.Component.dispatchEventImpl(Component.java:4881)
	at java.awt.Container.dispatchEventImpl(Container.java:2292)
	at java.awt.Component.dispatchEvent(Component.java:4703)
	at java.awt.LightweightDispatcher.retargetMouseEvent(Container.java:4898)
	at java.awt.LightweightDispatcher.processMouseEvent(Container.java:4530)
	at java.awt.LightweightDispatcher.dispatchEvent(Container.java:4462)
	at java.awt.Container.dispatchEventImpl(Container.java:2278)
	at java.awt.Window.dispatchEventImpl(Window.java:2739)
	at java.awt.Component.dispatchEvent(Component.java:4703)
	at java.awt.EventQueue.dispatchEventImpl(EventQueue.java:746)
	at java.awt.EventQueue.access$400(EventQueue.java:97)
	at java.awt.EventQueue$3.run(EventQueue.java:697)
	at java.awt.EventQueue$3.run(EventQueue.java:691)
	at java.security.AccessController.doPrivileged(Native Method)
	at java.security.ProtectionDomain$1.doIntersectionPrivilege(ProtectionDomain.java:75)
	at java.security.ProtectionDomain$1.doIntersectionPrivilege(ProtectionDomain.java:86)
	at java.awt.EventQueue$4.run(EventQueue.java:719)
	at java.awt.EventQueue$4.run(EventQueue.java:717)
	at java.security.AccessController.doPrivileged(Native Method)
	at java.security.ProtectionDomain$1.doIntersectionPrivilege(ProtectionDomain.java:75)
	at java.awt.EventQueue.dispatchEvent(EventQueue.java:716)
	at java.awt.EventDispatchThread.pumpOneEventForFilters(EventDispatchThread.java:201)
	at java.awt.EventDispatchThread.pumpEventsForFilter(EventDispatchThread.java:116)
	at java.awt.EventDispatchThread.pumpEventsForHierarchy(EventDispatchThread.java:105)
	at java.awt.EventDispatchThread.pumpEvents(EventDispatchThread.java:101)
	at java.awt.EventDispatchThread.pumpEvents(EventDispatchThread.java:93)
	at java.awt.EventDispatchThread.run(EventDispatchThread.java:82)
